java.lang.RuntimeException: Bloop BSP connection in /home/dioptrtit/.cache/scalacli/bsp-sockets/proc-56110 was unexpectedly closed or bloop didn't start.
  scala.sys.package$.error(package.scala:27)
  bloop.rifle.internal.Operations$$anon$1.openSocket(Operations.scala:422)
  bloop.rifle.BloopServer$.create$1(BloopServer.scala:129)
  bloop.rifle.BloopServer$.connect(BloopServer.scala:145)
  bloop.rifle.BloopServer$.bsp(BloopServer.scala:168)
  bloop.rifle.BloopServer$.buildServer(BloopServer.scala:187)
  scala.build.bsp.BspImpl.$anonfun$10(BspImpl.scala:423)
  scala.build.compiler.BloopCompiler.<init>(BloopCompiler.scala:15)
  scala.build.bsp.BspImpl.newBloopSession(BspImpl.scala:428)
  scala.build.bsp.BspImpl.run(BspImpl.scala:470)
  scala.cli.commands.bsp.Bsp$.runCommand$$anonfun$1(Bsp.scala:96)
  scala.runtime.function.JProcedure1.apply(JProcedure1.java:15)
  scala.runtime.function.JProcedure1.apply(JProcedure1.java:10)
  scala.build.bsp.BspThreads$.withThreads(BspThreads.scala:23)
  scala.cli.commands.bsp.Bsp$.runCommand(Bsp.scala:99)
  scala.cli.commands.bsp.Bsp$.runCommand(Bsp.scala:35)
  scala.cli.commands.ScalaCommand.run(ScalaCommand.scala:364)
  scala.cli.commands.ScalaCommand.run(ScalaCommand.scala:348)
  caseapp.core.app.CaseApp.main(CaseApp.scala:150)
  scala.cli.commands.ScalaCommand.main(ScalaCommand.scala:333)
  caseapp.core.app.CommandsEntryPoint.main(CommandsEntryPoint.scala:120)
  scala.cli.ScalaCliCommands.main(ScalaCliCommands.scala:125)
  scala.cli.ScalaCli$.main0(ScalaCli.scala:245)
  scala.cli.ScalaCli$.main(ScalaCli.scala:108)
  scala.cli.ScalaCli.main(ScalaCli.scala)
